#! /usr/share/iverilog-0.9.7/bin/vvp
:ivl_version "0.9.7 " "(v0_9_6)";
:vpi_time_precision + 0;
:vpi_module "system";
:vpi_module "v2005_math";
:vpi_module "va_math";
S_0xcae2e0 .scope module, "t_MIPS" "t_MIPS" 2 110;
 .timescale 0 0;
v0xcd1d90_0 .var "clk1", 0 0;
v0xcd1fa0_0 .var "clk2", 0 0;
S_0xcae3d0 .scope module, "MUT" "MIPS32_pipe" 2 114, 3 2, S_0xcae2e0;
 .timescale 0 0;
P_0xc9b6b8 .param/l "ADD" 3 14, C4<000000>;
P_0xc9b6e0 .param/l "ADDI" 3 14, C4<001010>;
P_0xc9b708 .param/l "AND" 3 14, C4<000010>;
P_0xc9b730 .param/l "BEQZ" 3 14, C4<001110>;
P_0xc9b758 .param/l "BNEQZ" 3 14, C4<001101>;
P_0xc9b780 .param/l "BRANCH" 3 16, C4<100>;
P_0xc9b7a8 .param/l "HALT" 3 16, C4<101>;
P_0xc9b7d0 .param/l "HLT" 3 14, C4<111111>;
P_0xc9b7f8 .param/l "LOAD" 3 16, C4<010>;
P_0xc9b820 .param/l "LW" 3 14, C4<001000>;
P_0xc9b848 .param/l "MUL" 3 14, C4<000101>;
P_0xc9b870 .param/l "OR" 3 14, C4<000011>;
P_0xc9b898 .param/l "RM_ALU" 3 16, C4<001>;
P_0xc9b8c0 .param/l "RR_ALU" 3 16, C4<000>;
P_0xc9b8e8 .param/l "SLT" 3 14, C4<000100>;
P_0xc9b910 .param/l "SLTI" 3 14, C4<001100>;
P_0xc9b938 .param/l "STORE" 3 16, C4<011>;
P_0xc9b960 .param/l "SUB" 3 14, C4<000001>;
P_0xc9b988 .param/l "SUBI" 3 14, C4<001011>;
P_0xc9b9b0 .param/l "SW" 3 14, C4<001001>;
v0xc9bb40_0 .var "EX_MEM_ALUout", 31 0;
v0xcd0e40_0 .var "EX_MEM_B", 31 0;
v0xcd0ee0_0 .var "EX_MEM_IR", 31 0;
v0xcd0f80_0 .var "EX_MEM_cond", 0 0;
v0xcd1030_0 .var "EX_MEM_type", 2 0;
v0xcd10d0_0 .var "HALTED", 0 0;
v0xcd11b0_0 .var "ID_EX_A", 31 0;
v0xcd1250_0 .var "ID_EX_B", 31 0;
v0xcd1340_0 .var "ID_EX_IR", 31 0;
v0xcd13e0_0 .var "ID_EX_Imm", 31 0;
v0xcd14e0_0 .var "ID_EX_NPC", 31 0;
v0xcd1580_0 .var "ID_EX_type", 2 0;
v0xcd1690_0 .var "IF_ID_IR", 31 0;
v0xcd1730_0 .var "IF_ID_NPC", 31 0;
v0xcd1850_0 .var "MEM_WB_ALUout", 31 0;
v0xcd18f0_0 .var "MEM_WB_IR", 31 0;
v0xcd17b0_0 .var "MEM_WB_LMD", 31 0;
v0xcd1a40_0 .var "MEM_WB_type", 2 0;
v0xcd1b60 .array "Memory", 1023 0, 31 0;
v0xcd1be0_0 .var "PC", 31 0;
v0xcd1ac0 .array "RegFile", 31 0, 31 0;
v0xcd1d10_0 .var "TAKEN_BRANCH", 0 0;
v0xcd1c60_0 .net "clk1", 0 0, v0xcd1d90_0; 1 drivers
v0xcd1e50_0 .net "clk2", 0 0, v0xcd1fa0_0; 1 drivers
E_0xc7ddb0 .event posedge, v0xcd1c60_0;
E_0xc8f160 .event posedge, v0xcd1e50_0;
    .scope S_0xcae3d0;
T_0 ;
    %wait E_0xc7ddb0;
    %load/v 8, v0xcd10d0_0, 1;
    %mov 9, 0, 1;
    %cmpi/u 8, 0, 2;
    %jmp/0xz  T_0.0, 4;
    %ix/load 1, 26, 0;
    %mov 4, 0, 1;
    %jmp/1 T_0.2, 4;
    %load/x1p 15, v0xcd0ee0_0, 6;
    %jmp T_0.3;
T_0.2 ;
    %mov 15, 2, 6;
T_0.3 ;
    %mov 8, 15, 6; Move signal select into place
    %mov 14, 0, 1;
    %cmpi/u 8, 14, 7;
    %mov 8, 4, 1;
    %load/v 9, v0xcd0f80_0, 1;
    %mov 10, 0, 2;
    %cmpi/u 9, 1, 3;
    %mov 9, 4, 1;
    %and 8, 9, 1;
    %ix/load 1, 26, 0;
    %mov 4, 0, 1;
    %jmp/1 T_0.4, 4;
    %load/x1p 16, v0xcd0ee0_0, 6;
    %jmp T_0.5;
T_0.4 ;
    %mov 16, 2, 6;
T_0.5 ;
    %mov 9, 16, 6; Move signal select into place
    %mov 15, 0, 1;
    %cmpi/u 9, 13, 7;
    %mov 9, 4, 1;
    %load/v 10, v0xcd0f80_0, 1;
    %mov 11, 0, 1;
    %cmpi/u 10, 0, 2;
    %mov 10, 4, 1;
    %and 9, 10, 1;
    %or 8, 9, 1;
    %jmp/0xz  T_0.6, 8;
    %ix/getv 3, v0xc9bb40_0;
    %load/av 8, v0xcd1b60, 32;
    %ix/load 0, 32, 0;
    %assign/v0 v0xcd1690_0, 2, 8;
    %ix/load 0, 1, 0;
    %assign/v0 v0xcd1d10_0, 2, 1;
    %load/v 8, v0xc9bb40_0, 32;
    %mov 40, 0, 1;
    %addi 8, 1, 33;
    %ix/load 0, 32, 0;
    %assign/v0 v0xcd1730_0, 2, 8;
    %load/v 8, v0xc9bb40_0, 32;
    %mov 40, 0, 1;
    %addi 8, 1, 33;
    %ix/load 0, 32, 0;
    %assign/v0 v0xcd1be0_0, 2, 8;
    %jmp T_0.7;
T_0.6 ;
    %ix/getv 3, v0xcd1be0_0;
    %load/av 8, v0xcd1b60, 32;
    %ix/load 0, 32, 0;
    %assign/v0 v0xcd1690_0, 2, 8;
    %load/v 8, v0xcd1be0_0, 32;
    %mov 40, 0, 1;
    %addi 8, 1, 33;
    %ix/load 0, 32, 0;
    %assign/v0 v0xcd1730_0, 2, 8;
    %load/v 8, v0xcd1be0_0, 32;
    %mov 40, 0, 1;
    %addi 8, 1, 33;
    %ix/load 0, 32, 0;
    %assign/v0 v0xcd1be0_0, 2, 8;
T_0.7 ;
T_0.0 ;
    %jmp T_0;
    .thread T_0;
    .scope S_0xcae3d0;
T_1 ;
    %wait E_0xc8f160;
    %load/v 8, v0xcd10d0_0, 1;
    %mov 9, 0, 1;
    %cmpi/u 8, 0, 2;
    %jmp/0xz  T_1.0, 4;
    %ix/load 1, 21, 0;
    %mov 4, 0, 1;
    %jmp/1 T_1.2, 4;
    %load/x1p 8, v0xcd1690_0, 5;
    %jmp T_1.3;
T_1.2 ;
    %mov 8, 2, 5;
T_1.3 ;
; Save base=8 wid=5 in lookaside.
    %cmpi/u 8, 0, 5;
    %jmp/0xz  T_1.4, 4;
    %ix/load 0, 32, 0;
    %assign/v0 v0xcd11b0_0, 0, 0;
    %jmp T_1.5;
T_1.4 ;
    %ix/load 1, 21, 0;
    %mov 4, 0, 1;
    %jmp/1 T_1.6, 4;
    %load/x1p 40, v0xcd1690_0, 5;
    %jmp T_1.7;
T_1.6 ;
    %mov 40, 2, 5;
T_1.7 ;
; Save base=40 wid=5 in lookaside.
    %ix/get 3, 40, 5;
    %load/av 8, v0xcd1ac0, 32;
    %ix/load 0, 32, 0;
    %assign/v0 v0xcd11b0_0, 2, 8;
T_1.5 ;
    %ix/load 1, 16, 0;
    %mov 4, 0, 1;
    %jmp/1 T_1.8, 4;
    %load/x1p 8, v0xcd1690_0, 5;
    %jmp T_1.9;
T_1.8 ;
    %mov 8, 2, 5;
T_1.9 ;
; Save base=8 wid=5 in lookaside.
    %cmpi/u 8, 0, 5;
    %jmp/0xz  T_1.10, 4;
    %ix/load 0, 32, 0;
    %assign/v0 v0xcd1250_0, 0, 0;
    %jmp T_1.11;
T_1.10 ;
    %ix/load 1, 16, 0;
    %mov 4, 0, 1;
    %jmp/1 T_1.12, 4;
    %load/x1p 40, v0xcd1690_0, 5;
    %jmp T_1.13;
T_1.12 ;
    %mov 40, 2, 5;
T_1.13 ;
; Save base=40 wid=5 in lookaside.
    %ix/get 3, 40, 5;
    %load/av 8, v0xcd1ac0, 32;
    %ix/load 0, 32, 0;
    %assign/v0 v0xcd1250_0, 2, 8;
T_1.11 ;
    %load/v 8, v0xcd1730_0, 32;
    %ix/load 0, 32, 0;
    %assign/v0 v0xcd14e0_0, 2, 8;
    %load/v 8, v0xcd1690_0, 32;
    %ix/load 0, 32, 0;
    %assign/v0 v0xcd1340_0, 2, 8;
    %load/v 8, v0xcd1690_0, 16; Select 16 out of 32 bits
    %ix/load 1, 15, 0;
    %mov 4, 0, 1;
    %jmp/1 T_1.14, 4;
    %load/x1p 56, v0xcd1690_0, 1;
    %jmp T_1.15;
T_1.14 ;
    %mov 56, 2, 1;
T_1.15 ;
    %mov 40, 56, 1; Move signal select into place
    %mov 55, 40, 1; Repetition 16
    %mov 54, 40, 1; Repetition 15
    %mov 53, 40, 1; Repetition 14
    %mov 52, 40, 1; Repetition 13
    %mov 51, 40, 1; Repetition 12
    %mov 50, 40, 1; Repetition 11
    %mov 49, 40, 1; Repetition 10
    %mov 48, 40, 1; Repetition 9
    %mov 47, 40, 1; Repetition 8
    %mov 46, 40, 1; Repetition 7
    %mov 45, 40, 1; Repetition 6
    %mov 44, 40, 1; Repetition 5
    %mov 43, 40, 1; Repetition 4
    %mov 42, 40, 1; Repetition 3
    %mov 41, 40, 1; Repetition 2
    %mov 24, 40, 16;
    %ix/load 0, 32, 0;
    %assign/v0 v0xcd13e0_0, 2, 8;
    %ix/load 1, 26, 0;
    %mov 4, 0, 1;
    %jmp/1 T_1.16, 4;
    %load/x1p 8, v0xcd1690_0, 6;
    %jmp T_1.17;
T_1.16 ;
    %mov 8, 2, 6;
T_1.17 ;
; Save base=8 wid=6 in lookaside.
    %cmpi/u 8, 0, 6;
    %jmp/1 T_1.18, 6;
    %cmpi/u 8, 1, 6;
    %jmp/1 T_1.19, 6;
    %cmpi/u 8, 2, 6;
    %jmp/1 T_1.20, 6;
    %cmpi/u 8, 3, 6;
    %jmp/1 T_1.21, 6;
    %cmpi/u 8, 4, 6;
    %jmp/1 T_1.22, 6;
    %cmpi/u 8, 5, 6;
    %jmp/1 T_1.23, 6;
    %cmpi/u 8, 10, 6;
    %jmp/1 T_1.24, 6;
    %cmpi/u 8, 11, 6;
    %jmp/1 T_1.25, 6;
    %cmpi/u 8, 12, 6;
    %jmp/1 T_1.26, 6;
    %cmpi/u 8, 8, 6;
    %jmp/1 T_1.27, 6;
    %cmpi/u 8, 9, 6;
    %jmp/1 T_1.28, 6;
    %cmpi/u 8, 14, 6;
    %jmp/1 T_1.29, 6;
    %cmpi/u 8, 13, 6;
    %jmp/1 T_1.30, 6;
    %cmpi/u 8, 63, 6;
    %jmp/1 T_1.31, 6;
    %movi 8, 5, 3;
    %ix/load 0, 3, 0;
    %assign/v0 v0xcd1580_0, 2, 8;
    %jmp T_1.33;
T_1.18 ;
    %ix/load 0, 3, 0;
    %assign/v0 v0xcd1580_0, 2, 0;
    %jmp T_1.33;
T_1.19 ;
    %ix/load 0, 3, 0;
    %assign/v0 v0xcd1580_0, 2, 0;
    %jmp T_1.33;
T_1.20 ;
    %ix/load 0, 3, 0;
    %assign/v0 v0xcd1580_0, 2, 0;
    %jmp T_1.33;
T_1.21 ;
    %ix/load 0, 3, 0;
    %assign/v0 v0xcd1580_0, 2, 0;
    %jmp T_1.33;
T_1.22 ;
    %ix/load 0, 3, 0;
    %assign/v0 v0xcd1580_0, 2, 0;
    %jmp T_1.33;
T_1.23 ;
    %ix/load 0, 3, 0;
    %assign/v0 v0xcd1580_0, 2, 0;
    %jmp T_1.33;
T_1.24 ;
    %movi 8, 1, 3;
    %ix/load 0, 3, 0;
    %assign/v0 v0xcd1580_0, 2, 8;
    %jmp T_1.33;
T_1.25 ;
    %movi 8, 1, 3;
    %ix/load 0, 3, 0;
    %assign/v0 v0xcd1580_0, 2, 8;
    %jmp T_1.33;
T_1.26 ;
    %movi 8, 1, 3;
    %ix/load 0, 3, 0;
    %assign/v0 v0xcd1580_0, 2, 8;
    %jmp T_1.33;
T_1.27 ;
    %movi 8, 2, 3;
    %ix/load 0, 3, 0;
    %assign/v0 v0xcd1580_0, 2, 8;
    %jmp T_1.33;
T_1.28 ;
    %movi 8, 3, 3;
    %ix/load 0, 3, 0;
    %assign/v0 v0xcd1580_0, 2, 8;
    %jmp T_1.33;
T_1.29 ;
    %movi 8, 4, 3;
    %ix/load 0, 3, 0;
    %assign/v0 v0xcd1580_0, 2, 8;
    %jmp T_1.33;
T_1.30 ;
    %movi 8, 4, 3;
    %ix/load 0, 3, 0;
    %assign/v0 v0xcd1580_0, 2, 8;
    %jmp T_1.33;
T_1.31 ;
    %movi 8, 5, 3;
    %ix/load 0, 3, 0;
    %assign/v0 v0xcd1580_0, 2, 8;
    %jmp T_1.33;
T_1.33 ;
T_1.0 ;
    %jmp T_1;
    .thread T_1;
    .scope S_0xcae3d0;
T_2 ;
    %wait E_0xc7ddb0;
    %load/v 8, v0xcd10d0_0, 1;
    %mov 9, 0, 1;
    %cmpi/u 8, 0, 2;
    %jmp/0xz  T_2.0, 4;
    %load/v 8, v0xcd1580_0, 3;
    %ix/load 0, 3, 0;
    %assign/v0 v0xcd1030_0, 2, 8;
    %load/v 8, v0xcd1340_0, 32;
    %ix/load 0, 32, 0;
    %assign/v0 v0xcd0ee0_0, 2, 8;
    %ix/load 0, 1, 0;
    %assign/v0 v0xcd1d10_0, 2, 0;
    %load/v 8, v0xcd1580_0, 3;
    %cmpi/u 8, 0, 3;
    %jmp/1 T_2.2, 6;
    %cmpi/u 8, 1, 3;
    %jmp/1 T_2.3, 6;
    %cmpi/u 8, 2, 3;
    %jmp/1 T_2.4, 6;
    %cmpi/u 8, 3, 3;
    %jmp/1 T_2.5, 6;
    %cmpi/u 8, 4, 3;
    %jmp/1 T_2.6, 6;
    %jmp T_2.7;
T_2.2 ;
    %ix/load 1, 26, 0;
    %mov 4, 0, 1;
    %jmp/1 T_2.8, 4;
    %load/x1p 8, v0xcd1340_0, 6;
    %jmp T_2.9;
T_2.8 ;
    %mov 8, 2, 6;
T_2.9 ;
; Save base=8 wid=6 in lookaside.
    %cmpi/u 8, 0, 6;
    %jmp/1 T_2.10, 6;
    %cmpi/u 8, 1, 6;
    %jmp/1 T_2.11, 6;
    %cmpi/u 8, 2, 6;
    %jmp/1 T_2.12, 6;
    %cmpi/u 8, 3, 6;
    %jmp/1 T_2.13, 6;
    %cmpi/u 8, 4, 6;
    %jmp/1 T_2.14, 6;
    %cmpi/u 8, 5, 6;
    %jmp/1 T_2.15, 6;
    %ix/load 0, 32, 0;
    %assign/v0 v0xc9bb40_0, 2, 2;
    %jmp T_2.17;
T_2.10 ;
    %load/v 8, v0xcd11b0_0, 32;
    %load/v 40, v0xcd1250_0, 32;
    %add 8, 40, 32;
    %ix/load 0, 32, 0;
    %assign/v0 v0xc9bb40_0, 2, 8;
    %jmp T_2.17;
T_2.11 ;
    %load/v 8, v0xcd11b0_0, 32;
    %load/v 40, v0xcd1250_0, 32;
    %sub 8, 40, 32;
    %ix/load 0, 32, 0;
    %assign/v0 v0xc9bb40_0, 2, 8;
    %jmp T_2.17;
T_2.12 ;
    %load/v 8, v0xcd11b0_0, 32;
    %load/v 40, v0xcd1250_0, 32;
    %and 8, 40, 32;
    %ix/load 0, 32, 0;
    %assign/v0 v0xc9bb40_0, 2, 8;
    %jmp T_2.17;
T_2.13 ;
    %load/v 8, v0xcd11b0_0, 32;
    %load/v 40, v0xcd1250_0, 32;
    %or 8, 40, 32;
    %ix/load 0, 32, 0;
    %assign/v0 v0xc9bb40_0, 2, 8;
    %jmp T_2.17;
T_2.14 ;
    %load/v 40, v0xcd11b0_0, 32;
    %load/v 72, v0xcd1250_0, 32;
    %cmp/u 40, 72, 32;
    %mov 40, 5, 1;
    %mov 8, 40, 1;
    %mov 9, 0, 31;
    %ix/load 0, 32, 0;
    %assign/v0 v0xc9bb40_0, 2, 8;
    %jmp T_2.17;
T_2.15 ;
    %load/v 8, v0xcd11b0_0, 32;
    %load/v 40, v0xcd1250_0, 32;
    %mul 8, 40, 32;
    %ix/load 0, 32, 0;
    %assign/v0 v0xc9bb40_0, 2, 8;
    %jmp T_2.17;
T_2.17 ;
    %jmp T_2.7;
T_2.3 ;
    %ix/load 1, 26, 0;
    %mov 4, 0, 1;
    %jmp/1 T_2.18, 4;
    %load/x1p 8, v0xcd1340_0, 6;
    %jmp T_2.19;
T_2.18 ;
    %mov 8, 2, 6;
T_2.19 ;
; Save base=8 wid=6 in lookaside.
    %cmpi/u 8, 10, 6;
    %jmp/1 T_2.20, 6;
    %cmpi/u 8, 11, 6;
    %jmp/1 T_2.21, 6;
    %cmpi/u 8, 12, 6;
    %jmp/1 T_2.22, 6;
    %ix/load 0, 32, 0;
    %assign/v0 v0xc9bb40_0, 2, 2;
    %jmp T_2.24;
T_2.20 ;
    %load/v 8, v0xcd11b0_0, 32;
    %load/v 40, v0xcd13e0_0, 32;
    %add 8, 40, 32;
    %ix/load 0, 32, 0;
    %assign/v0 v0xc9bb40_0, 2, 8;
    %jmp T_2.24;
T_2.21 ;
    %load/v 8, v0xcd11b0_0, 32;
    %load/v 40, v0xcd13e0_0, 32;
    %sub 8, 40, 32;
    %ix/load 0, 32, 0;
    %assign/v0 v0xc9bb40_0, 2, 8;
    %jmp T_2.24;
T_2.22 ;
    %load/v 40, v0xcd11b0_0, 32;
    %load/v 72, v0xcd13e0_0, 32;
    %cmp/u 40, 72, 32;
    %mov 40, 5, 1;
    %mov 8, 40, 1;
    %mov 9, 0, 31;
    %ix/load 0, 32, 0;
    %assign/v0 v0xc9bb40_0, 2, 8;
    %jmp T_2.24;
T_2.24 ;
    %jmp T_2.7;
T_2.4 ;
    %load/v 8, v0xcd11b0_0, 32;
    %load/v 40, v0xcd13e0_0, 32;
    %add 8, 40, 32;
    %ix/load 0, 32, 0;
    %assign/v0 v0xc9bb40_0, 2, 8;
    %load/v 8, v0xcd1250_0, 32;
    %ix/load 0, 32, 0;
    %assign/v0 v0xcd0e40_0, 2, 8;
    %jmp T_2.7;
T_2.5 ;
    %load/v 8, v0xcd11b0_0, 32;
    %load/v 40, v0xcd13e0_0, 32;
    %add 8, 40, 32;
    %ix/load 0, 32, 0;
    %assign/v0 v0xc9bb40_0, 2, 8;
    %load/v 8, v0xcd1250_0, 32;
    %ix/load 0, 32, 0;
    %assign/v0 v0xcd0e40_0, 2, 8;
    %jmp T_2.7;
T_2.6 ;
    %load/v 8, v0xcd14e0_0, 32;
    %load/v 40, v0xcd13e0_0, 32;
    %add 8, 40, 32;
    %ix/load 0, 32, 0;
    %assign/v0 v0xc9bb40_0, 2, 8;
    %load/v 8, v0xcd11b0_0, 32;
    %cmpi/u 8, 0, 32;
    %mov 8, 4, 1;
    %ix/load 0, 1, 0;
    %assign/v0 v0xcd0f80_0, 2, 8;
    %jmp T_2.7;
T_2.7 ;
T_2.0 ;
    %jmp T_2;
    .thread T_2;
    .scope S_0xcae3d0;
T_3 ;
    %wait E_0xc8f160;
    %load/v 8, v0xcd10d0_0, 1;
    %mov 9, 0, 1;
    %cmpi/u 8, 0, 2;
    %jmp/0xz  T_3.0, 4;
    %load/v 8, v0xcd1030_0, 3;
    %ix/load 0, 3, 0;
    %assign/v0 v0xcd1a40_0, 2, 8;
    %load/v 8, v0xcd0ee0_0, 32;
    %ix/load 0, 32, 0;
    %assign/v0 v0xcd18f0_0, 2, 8;
    %load/v 8, v0xcd1030_0, 3;
    %cmpi/u 8, 0, 3;
    %jmp/1 T_3.2, 6;
    %cmpi/u 8, 1, 3;
    %jmp/1 T_3.3, 6;
    %cmpi/u 8, 2, 3;
    %jmp/1 T_3.4, 6;
    %cmpi/u 8, 3, 3;
    %jmp/1 T_3.5, 6;
    %jmp T_3.6;
T_3.2 ;
    %load/v 8, v0xc9bb40_0, 32;
    %ix/load 0, 32, 0;
    %assign/v0 v0xcd1850_0, 2, 8;
    %jmp T_3.6;
T_3.3 ;
    %load/v 8, v0xc9bb40_0, 32;
    %ix/load 0, 32, 0;
    %assign/v0 v0xcd1850_0, 2, 8;
    %jmp T_3.6;
T_3.4 ;
    %ix/getv 3, v0xc9bb40_0;
    %load/av 8, v0xcd1b60, 32;
    %ix/load 0, 32, 0;
    %assign/v0 v0xcd17b0_0, 2, 8;
    %jmp T_3.6;
T_3.5 ;
    %load/v 8, v0xcd1d10_0, 1;
    %mov 9, 0, 1;
    %cmpi/u 8, 0, 2;
    %jmp/0xz  T_3.7, 4;
    %load/v 8, v0xcd0e40_0, 32;
    %ix/getv 3, v0xc9bb40_0;
    %jmp/1 t_0, 4;
    %ix/load 0, 32, 0; word width
    %ix/load 1, 0, 0; part off
    %assign/av v0xcd1b60, 2, 8;
t_0 ;
T_3.7 ;
    %jmp T_3.6;
T_3.6 ;
T_3.0 ;
    %jmp T_3;
    .thread T_3;
    .scope S_0xcae3d0;
T_4 ;
    %wait E_0xc7ddb0;
    %load/v 8, v0xcd1d10_0, 1;
    %mov 9, 0, 1;
    %cmpi/u 8, 0, 2;
    %jmp/0xz  T_4.0, 4;
    %load/v 8, v0xcd1a40_0, 3;
    %cmpi/u 8, 0, 3;
    %jmp/1 T_4.2, 6;
    %cmpi/u 8, 1, 3;
    %jmp/1 T_4.3, 6;
    %cmpi/u 8, 2, 3;
    %jmp/1 T_4.4, 6;
    %cmpi/u 8, 5, 3;
    %jmp/1 T_4.5, 6;
    %jmp T_4.6;
T_4.2 ;
    %load/v 8, v0xcd1850_0, 32;
    %ix/load 1, 11, 0;
    %mov 4, 0, 1;
    %jmp/1 T_4.7, 4;
    %load/x1p 40, v0xcd18f0_0, 5;
    %jmp T_4.8;
T_4.7 ;
    %mov 40, 2, 5;
T_4.8 ;
; Save base=40 wid=5 in lookaside.
    %ix/get 3, 40, 5;
    %jmp/1 t_1, 4;
    %ix/load 0, 32, 0; word width
    %ix/load 1, 0, 0; part off
    %assign/av v0xcd1ac0, 2, 8;
t_1 ;
    %jmp T_4.6;
T_4.3 ;
    %load/v 8, v0xcd1850_0, 32;
    %ix/load 1, 16, 0;
    %mov 4, 0, 1;
    %jmp/1 T_4.9, 4;
    %load/x1p 40, v0xcd18f0_0, 5;
    %jmp T_4.10;
T_4.9 ;
    %mov 40, 2, 5;
T_4.10 ;
; Save base=40 wid=5 in lookaside.
    %ix/get 3, 40, 5;
    %jmp/1 t_2, 4;
    %ix/load 0, 32, 0; word width
    %ix/load 1, 0, 0; part off
    %assign/av v0xcd1ac0, 2, 8;
t_2 ;
    %jmp T_4.6;
T_4.4 ;
    %load/v 8, v0xcd17b0_0, 32;
    %ix/load 1, 16, 0;
    %mov 4, 0, 1;
    %jmp/1 T_4.11, 4;
    %load/x1p 40, v0xcd18f0_0, 5;
    %jmp T_4.12;
T_4.11 ;
    %mov 40, 2, 5;
T_4.12 ;
; Save base=40 wid=5 in lookaside.
    %ix/get 3, 40, 5;
    %jmp/1 t_3, 4;
    %ix/load 0, 32, 0; word width
    %ix/load 1, 0, 0; part off
    %assign/av v0xcd1ac0, 2, 8;
t_3 ;
    %jmp T_4.6;
T_4.5 ;
    %ix/load 0, 1, 0;
    %assign/v0 v0xcd10d0_0, 0, 1;
    %jmp T_4.6;
T_4.6 ;
T_4.0 ;
    %jmp T_4;
    .thread T_4;
    .scope S_0xcae2e0;
T_5 ;
    %set/v v0xcd1d90_0, 0, 1;
    %set/v v0xcd1fa0_0, 0, 1;
    %movi 8, 200, 9;
T_5.0 %cmp/s 0, 8, 9;
    %jmp/0xz T_5.1, 5;
    %add 8, 1, 9;
    %delay 5, 0;
    %set/v v0xcd1d90_0, 1, 1;
    %delay 5, 0;
    %set/v v0xcd1d90_0, 0, 1;
    %delay 5, 0;
    %set/v v0xcd1fa0_0, 1, 1;
    %delay 5, 0;
    %set/v v0xcd1fa0_0, 0, 1;
    %jmp T_5.0;
T_5.1 ;
    %end;
    .thread T_5;
    .scope S_0xcae2e0;
T_6 ;
    %movi 8, 671678664, 32;
   %ix/load 1, 0, 0;
   %ix/load 3, 0, 0;
   %set/av v0xcd1b60, 8, 32;
    %movi 8, 2048, 32;
   %ix/load 1, 0, 0;
   %ix/load 3, 1, 0;
   %set/av v0xcd1b60, 8, 32;
    %movi 8, 671219713, 32;
   %ix/load 1, 0, 0;
   %ix/load 3, 2, 0;
   %set/av v0xcd1b60, 8, 32;
    %movi 8, 556400640, 32;
   %ix/load 1, 0, 0;
   %ix/load 3, 3, 0;
   %set/av v0xcd1b60, 8, 32;
    %movi 8, 216496128, 32;
   %ix/load 1, 0, 0;
   %ix/load 3, 4, 0;
   %set/av v0xcd1b60, 8, 32;
    %movi 8, 216496128, 32;
   %ix/load 1, 0, 0;
   %ix/load 3, 5, 0;
   %set/av v0xcd1b60, 8, 32;
    %movi 8, 759824386, 32;
   %ix/load 1, 0, 0;
   %ix/load 3, 6, 0;
   %set/av v0xcd1b60, 8, 32;
    %movi 8, 2234368, 32;
   %ix/load 1, 0, 0;
   %ix/load 3, 7, 0;
   %set/av v0xcd1b60, 8, 32;
    %movi 8, 4196352, 32;
   %ix/load 1, 0, 0;
   %ix/load 3, 8, 0;
   %set/av v0xcd1b60, 8, 32;
    %movi 8, 6295552, 32;
   %ix/load 1, 0, 0;
   %ix/load 3, 9, 0;
   %set/av v0xcd1b60, 8, 32;
    %movi 8, 759824385, 32;
   %ix/load 1, 0, 0;
   %ix/load 3, 10, 0;
   %set/av v0xcd1b60, 8, 32;
    %movi 8, 216496128, 32;
   %ix/load 1, 0, 0;
   %ix/load 3, 11, 0;
   %set/av v0xcd1b60, 8, 32;
    %movi 8, 216496128, 32;
   %ix/load 1, 0, 0;
   %ix/load 3, 12, 0;
   %set/av v0xcd1b60, 8, 32;
    %movi 8, 893452281, 32;
   %ix/load 1, 0, 0;
   %ix/load 3, 13, 0;
   %set/av v0xcd1b60, 8, 32;
    %movi 8, 623116286, 32;
   %ix/load 1, 0, 0;
   %ix/load 3, 14, 0;
   %set/av v0xcd1b60, 8, 32;
    %movi 8, 4227858432, 32;
   %ix/load 1, 0, 0;
   %ix/load 3, 15, 0;
   %set/av v0xcd1b60, 8, 32;
    %movi 8, 10, 32;
   %ix/load 1, 0, 0;
   %ix/load 3, 200, 0;
   %set/av v0xcd1b60, 8, 32;
    %set/v v0xcd10d0_0, 0, 1;
    %set/v v0xcd1d10_0, 0, 1;
    %set/v v0xcd1be0_0, 0, 32;
    %delay 2000, 0;
    %vpi_call 2 152 "$display", "Mem[200] = %2d, Mem[198] = %6d", &A<v0xcd1b60, 200>, &A<v0xcd1b60, 198>;
    %end;
    .thread T_6;
    .scope S_0xcae2e0;
T_7 ;
    %vpi_call 2 157 "$dumpfile", "MIPS.vcd";
    %vpi_call 2 158 "$dumpvars", 1'sb0, S_0xcae2e0;
    %vpi_call 2 159 "$monitor", "R1: %2d, R2: %2d, R3: %2d, R10: %2d", &A<v0xcd1ac0, 1>, &A<v0xcd1ac0, 2>, &A<v0xcd1ac0, 3>, &A<v0xcd1ac0, 10>;
    %delay 3000, 0;
    %vpi_call 2 160 "$finish";
    %end;
    .thread T_7;
# The file index is used to find the file name in the following table.
:file_names 4;
    "N/A";
    "<interactive>";
    "testbench.sv";
    "design.sv";
